INFO: [VRFC 10-2263] Analyzing Verilog file "C:/IVA/Research/int_cusum_multi_stream/int_cusum_multi_stream.gen/sources_1/ip/fifo16x64/sim/fifo16x64.v" into library xil_defaultlib
INFO: [VRFC 10-311] analyzing module fifo16x64
INFO: [VRFC 10-2263] Analyzing Verilog file "C:/IVA/Research/int_cusum_multi_stream/int_cusum_multi_stream.sim/sim_1/behav/xsim/glbl.v" into library xil_defaultlib
INFO: [VRFC 10-311] analyzing module glbl
INFO: [VRFC 10-163] Analyzing VHDL file "C:/IVA/Research/int_cusum_multi_stream/int_cusum_multi_stream.srcs/sources_1/new/axi_register.vhd" into library xil_defaultlib
INFO: [VRFC 10-3107] analyzing entity 'axi_register'
INFO: [VRFC 10-163] Analyzing VHDL file "C:/IVA/Research/int_cusum_multi_stream/int_cusum_multi_stream.srcs/sources_1/new/multi_stream_cusum_anomaly_detector_top_module.vhd" into library xil_defaultlib
INFO: [VRFC 10-3107] analyzing entity 'multi_stream_cusum_anomaly_detector_top_module'
INFO: [VRFC 10-163] Analyzing VHDL file "C:/IVA/Research/int_cusum_multi_stream/int_cusum_multi_stream.srcs/sources_1/new/multi_stream_int_adder_subtractor.vhd" into library xil_defaultlib
INFO: [VRFC 10-3107] analyzing entity 'multi_stream_int_adder_subtractor'
INFO: [VRFC 10-163] Analyzing VHDL file "C:/IVA/Research/int_cusum_multi_stream/int_cusum_multi_stream.srcs/sources_1/new/multi_stream_int_cumulative_sums_detector.vhd" into library xil_defaultlib
INFO: [VRFC 10-3107] analyzing entity 'multi_stream_int_cumulative_sums_detector'
INFO: [VRFC 10-163] Analyzing VHDL file "C:/IVA/Research/int_cusum_multi_stream/int_cusum_multi_stream.srcs/sources_1/new/multi_stream_int_max.vhd" into library xil_defaultlib
INFO: [VRFC 10-3107] analyzing entity 'multi_stream_int_max'
INFO: [VRFC 10-163] Analyzing VHDL file "C:/IVA/Research/int_cusum_multi_stream/int_cusum_multi_stream.srcs/sources_1/new/multi_stream_int_threshold_exceeding_detector.vhd" into library xil_defaultlib
INFO: [VRFC 10-3107] analyzing entity 'multi_stream_int_threshold_exceeding_detector'
INFO: [VRFC 10-163] Analyzing VHDL file "C:/IVA/Research/int_cusum_multi_stream/int_cusum_multi_stream.srcs/sources_1/new/stream_selector.vhd" into library xil_defaultlib
INFO: [VRFC 10-3107] analyzing entity 'stream_selector'
INFO: [VRFC 10-163] Analyzing VHDL file "C:/IVA/Research/int_cusum_multi_stream/int_cusum_multi_stream.srcs/sim_1/new/testbench_anomaly_detector.vhd" into library xil_defaultlib
INFO: [VRFC 10-3107] analyzing entity 'testbench_anomaly_detector'
