Time resolution is 1 ps
Info: [XPM_MEMORY 20-1] MEMORY_PRIMITIVE (0) instructs Vivado Synthesis to choose the memory primitive type. Depending on their values, other XPM_MEMORY parameters may preclude the choice of certain memory primitive types. Review XPM_MEMORY documentation and parameter values to understand any limitations, or set MEMORY_PRIMITIVE to a different value. testbench_anomaly_detector.DUT.cusum.bypass_current_sensor_fifo_buffer.inst.\gen_fifo.xpm_fifo_axis_inst .xpm_fifo_base_inst.\gen_sdpram.xpm_memory_base_inst .config_drc
Time: 1 ps  Iteration: 0  Process: /testbench_anomaly_detector/DUT/cusum/bypass_current_sensor_fifo_buffer/inst/gen_fifo.xpm_fifo_axis_inst/xpm_fifo_base_inst/gen_sdpram.xpm_memory_base_inst/Initial299_28  Scope: testbench_anomaly_detector.DUT.cusum.bypass_current_sensor_fifo_buffer.inst.\gen_fifo.xpm_fifo_axis_inst .xpm_fifo_base_inst.\gen_sdpram.xpm_memory_base_inst .config_drc  File: /wrk/ci/prod/2022.1/sw/continuous/2573/packages/customer/vivado/data/ip/xpm/xpm_memory/hdl/xpm_memory.sv Line: 493
Info: [XPM_MEMORY 20-1] MEMORY_PRIMITIVE (0) instructs Vivado Synthesis to choose the memory primitive type. Depending on their values, other XPM_MEMORY parameters may preclude the choice of certain memory primitive types. Review XPM_MEMORY documentation and parameter values to understand any limitations, or set MEMORY_PRIMITIVE to a different value. testbench_anomaly_detector.DUT.cusum.current_sensor_in_fifo_buffer.inst.\gen_fifo.xpm_fifo_axis_inst .xpm_fifo_base_inst.\gen_sdpram.xpm_memory_base_inst .config_drc
Time: 1 ps  Iteration: 0  Process: /testbench_anomaly_detector/DUT/cusum/current_sensor_in_fifo_buffer/inst/gen_fifo.xpm_fifo_axis_inst/xpm_fifo_base_inst/gen_sdpram.xpm_memory_base_inst/Initial299_28  Scope: testbench_anomaly_detector.DUT.cusum.current_sensor_in_fifo_buffer.inst.\gen_fifo.xpm_fifo_axis_inst .xpm_fifo_base_inst.\gen_sdpram.xpm_memory_base_inst .config_drc  File: /wrk/ci/prod/2022.1/sw/continuous/2573/packages/customer/vivado/data/ip/xpm/xpm_memory/hdl/xpm_memory.sv Line: 493
Info: [XPM_MEMORY 20-1] MEMORY_PRIMITIVE (0) instructs Vivado Synthesis to choose the memory primitive type. Depending on their values, other XPM_MEMORY parameters may preclude the choice of certain memory primitive types. Review XPM_MEMORY documentation and parameter values to understand any limitations, or set MEMORY_PRIMITIVE to a different value. testbench_anomaly_detector.DUT.cusum.previous_sensor_in_fifo_buffer.inst.\gen_fifo.xpm_fifo_axis_inst .xpm_fifo_base_inst.\gen_sdpram.xpm_memory_base_inst .config_drc
Time: 1 ps  Iteration: 0  Process: /testbench_anomaly_detector/DUT/cusum/previous_sensor_in_fifo_buffer/inst/gen_fifo.xpm_fifo_axis_inst/xpm_fifo_base_inst/gen_sdpram.xpm_memory_base_inst/Initial299_28  Scope: testbench_anomaly_detector.DUT.cusum.previous_sensor_in_fifo_buffer.inst.\gen_fifo.xpm_fifo_axis_inst .xpm_fifo_base_inst.\gen_sdpram.xpm_memory_base_inst .config_drc  File: /wrk/ci/prod/2022.1/sw/continuous/2573/packages/customer/vivado/data/ip/xpm/xpm_memory/hdl/xpm_memory.sv Line: 493
Info: [XPM_MEMORY 20-1] MEMORY_PRIMITIVE (0) instructs Vivado Synthesis to choose the memory primitive type. Depending on their values, other XPM_MEMORY parameters may preclude the choice of certain memory primitive types. Review XPM_MEMORY documentation and parameter values to understand any limitations, or set MEMORY_PRIMITIVE to a different value. testbench_anomaly_detector.DUT.cusum.s_t_fifo_buffer.inst.\gen_fifo.xpm_fifo_axis_inst .xpm_fifo_base_inst.\gen_sdpram.xpm_memory_base_inst .config_drc
Time: 1 ps  Iteration: 0  Process: /testbench_anomaly_detector/DUT/cusum/s_t_fifo_buffer/inst/gen_fifo.xpm_fifo_axis_inst/xpm_fifo_base_inst/gen_sdpram.xpm_memory_base_inst/Initial299_28  Scope: testbench_anomaly_detector.DUT.cusum.s_t_fifo_buffer.inst.\gen_fifo.xpm_fifo_axis_inst .xpm_fifo_base_inst.\gen_sdpram.xpm_memory_base_inst .config_drc  File: /wrk/ci/prod/2022.1/sw/continuous/2573/packages/customer/vivado/data/ip/xpm/xpm_memory/hdl/xpm_memory.sv Line: 493
Info: [XPM_MEMORY 20-1] MEMORY_PRIMITIVE (0) instructs Vivado Synthesis to choose the memory primitive type. Depending on their values, other XPM_MEMORY parameters may preclude the choice of certain memory primitive types. Review XPM_MEMORY documentation and parameter values to understand any limitations, or set MEMORY_PRIMITIVE to a different value. testbench_anomaly_detector.DUT.cusum.gn_s_t_fifo_buffer.inst.\gen_fifo.xpm_fifo_axis_inst .xpm_fifo_base_inst.\gen_sdpram.xpm_memory_base_inst .config_drc
Time: 1 ps  Iteration: 0  Process: /testbench_anomaly_detector/DUT/cusum/gn_s_t_fifo_buffer/inst/gen_fifo.xpm_fifo_axis_inst/xpm_fifo_base_inst/gen_sdpram.xpm_memory_base_inst/Initial299_28  Scope: testbench_anomaly_detector.DUT.cusum.gn_s_t_fifo_buffer.inst.\gen_fifo.xpm_fifo_axis_inst .xpm_fifo_base_inst.\gen_sdpram.xpm_memory_base_inst .config_drc  File: /wrk/ci/prod/2022.1/sw/continuous/2573/packages/customer/vivado/data/ip/xpm/xpm_memory/hdl/xpm_memory.sv Line: 493
Info: [XPM_MEMORY 20-1] MEMORY_PRIMITIVE (0) instructs Vivado Synthesis to choose the memory primitive type. Depending on their values, other XPM_MEMORY parameters may preclude the choice of certain memory primitive types. Review XPM_MEMORY documentation and parameter values to understand any limitations, or set MEMORY_PRIMITIVE to a different value. testbench_anomaly_detector.DUT.cusum.gp_s_t_fifo_buffer.inst.\gen_fifo.xpm_fifo_axis_inst .xpm_fifo_base_inst.\gen_sdpram.xpm_memory_base_inst .config_drc
Time: 1 ps  Iteration: 0  Process: /testbench_anomaly_detector/DUT/cusum/gp_s_t_fifo_buffer/inst/gen_fifo.xpm_fifo_axis_inst/xpm_fifo_base_inst/gen_sdpram.xpm_memory_base_inst/Initial299_28  Scope: testbench_anomaly_detector.DUT.cusum.gp_s_t_fifo_buffer.inst.\gen_fifo.xpm_fifo_axis_inst .xpm_fifo_base_inst.\gen_sdpram.xpm_memory_base_inst .config_drc  File: /wrk/ci/prod/2022.1/sw/continuous/2573/packages/customer/vivado/data/ip/xpm/xpm_memory/hdl/xpm_memory.sv Line: 493
Info: [XPM_MEMORY 20-1] MEMORY_PRIMITIVE (0) instructs Vivado Synthesis to choose the memory primitive type. Depending on their values, other XPM_MEMORY parameters may preclude the choice of certain memory primitive types. Review XPM_MEMORY documentation and parameter values to understand any limitations, or set MEMORY_PRIMITIVE to a different value. testbench_anomaly_detector.DUT.cusum.gn_s_t_drift_fifo_buffer.inst.\gen_fifo.xpm_fifo_axis_inst .xpm_fifo_base_inst.\gen_sdpram.xpm_memory_base_inst .config_drc
Time: 1 ps  Iteration: 0  Process: /testbench_anomaly_detector/DUT/cusum/gn_s_t_drift_fifo_buffer/inst/gen_fifo.xpm_fifo_axis_inst/xpm_fifo_base_inst/gen_sdpram.xpm_memory_base_inst/Initial299_28  Scope: testbench_anomaly_detector.DUT.cusum.gn_s_t_drift_fifo_buffer.inst.\gen_fifo.xpm_fifo_axis_inst .xpm_fifo_base_inst.\gen_sdpram.xpm_memory_base_inst .config_drc  File: /wrk/ci/prod/2022.1/sw/continuous/2573/packages/customer/vivado/data/ip/xpm/xpm_memory/hdl/xpm_memory.sv Line: 493
Info: [XPM_MEMORY 20-1] MEMORY_PRIMITIVE (0) instructs Vivado Synthesis to choose the memory primitive type. Depending on their values, other XPM_MEMORY parameters may preclude the choice of certain memory primitive types. Review XPM_MEMORY documentation and parameter values to understand any limitations, or set MEMORY_PRIMITIVE to a different value. testbench_anomaly_detector.DUT.cusum.gp_s_t_drift_fifo_buffer.inst.\gen_fifo.xpm_fifo_axis_inst .xpm_fifo_base_inst.\gen_sdpram.xpm_memory_base_inst .config_drc
Time: 1 ps  Iteration: 0  Process: /testbench_anomaly_detector/DUT/cusum/gp_s_t_drift_fifo_buffer/inst/gen_fifo.xpm_fifo_axis_inst/xpm_fifo_base_inst/gen_sdpram.xpm_memory_base_inst/Initial299_28  Scope: testbench_anomaly_detector.DUT.cusum.gp_s_t_drift_fifo_buffer.inst.\gen_fifo.xpm_fifo_axis_inst .xpm_fifo_base_inst.\gen_sdpram.xpm_memory_base_inst .config_drc  File: /wrk/ci/prod/2022.1/sw/continuous/2573/packages/customer/vivado/data/ip/xpm/xpm_memory/hdl/xpm_memory.sv Line: 493
Info: [XPM_MEMORY 20-1] MEMORY_PRIMITIVE (0) instructs Vivado Synthesis to choose the memory primitive type. Depending on their values, other XPM_MEMORY parameters may preclude the choice of certain memory primitive types. Review XPM_MEMORY documentation and parameter values to understand any limitations, or set MEMORY_PRIMITIVE to a different value. testbench_anomaly_detector.DUT.cusum.max_gn_fifo_buffer.inst.\gen_fifo.xpm_fifo_axis_inst .xpm_fifo_base_inst.\gen_sdpram.xpm_memory_base_inst .config_drc
Time: 1 ps  Iteration: 0  Process: /testbench_anomaly_detector/DUT/cusum/max_gn_fifo_buffer/inst/gen_fifo.xpm_fifo_axis_inst/xpm_fifo_base_inst/gen_sdpram.xpm_memory_base_inst/Initial299_28  Scope: testbench_anomaly_detector.DUT.cusum.max_gn_fifo_buffer.inst.\gen_fifo.xpm_fifo_axis_inst .xpm_fifo_base_inst.\gen_sdpram.xpm_memory_base_inst .config_drc  File: /wrk/ci/prod/2022.1/sw/continuous/2573/packages/customer/vivado/data/ip/xpm/xpm_memory/hdl/xpm_memory.sv Line: 493
Info: [XPM_MEMORY 20-1] MEMORY_PRIMITIVE (0) instructs Vivado Synthesis to choose the memory primitive type. Depending on their values, other XPM_MEMORY parameters may preclude the choice of certain memory primitive types. Review XPM_MEMORY documentation and parameter values to understand any limitations, or set MEMORY_PRIMITIVE to a different value. testbench_anomaly_detector.DUT.cusum.max_gp_fifo_buffer.inst.\gen_fifo.xpm_fifo_axis_inst .xpm_fifo_base_inst.\gen_sdpram.xpm_memory_base_inst .config_drc
Time: 1 ps  Iteration: 0  Process: /testbench_anomaly_detector/DUT/cusum/max_gp_fifo_buffer/inst/gen_fifo.xpm_fifo_axis_inst/xpm_fifo_base_inst/gen_sdpram.xpm_memory_base_inst/Initial299_28  Scope: testbench_anomaly_detector.DUT.cusum.max_gp_fifo_buffer.inst.\gen_fifo.xpm_fifo_axis_inst .xpm_fifo_base_inst.\gen_sdpram.xpm_memory_base_inst .config_drc  File: /wrk/ci/prod/2022.1/sw/continuous/2573/packages/customer/vivado/data/ip/xpm/xpm_memory/hdl/xpm_memory.sv Line: 493
Note: LQI(t) = 0000000000000000000000000000000000000000000000000000000000000000
Time: 110 ns  Iteration: 0  Process: /testbench_anomaly_detector/line__100  File: C:/IVA/Research/int_cusum_multi_stream/int_cusum_multi_stream.srcs/sim_1/new/testbench_anomaly_detector.vhd
Note: LQI(t) = 0000000000000000001000010100011000000000000000000000000000000000
Time: 130 ns  Iteration: 0  Process: /testbench_anomaly_detector/line__100  File: C:/IVA/Research/int_cusum_multi_stream/int_cusum_multi_stream.srcs/sim_1/new/testbench_anomaly_detector.vhd
Note: LQI(t) = 0000000000000000000110010001101000000000000000010000000000000000
Time: 170 ns  Iteration: 0  Process: /testbench_anomaly_detector/line__100  File: C:/IVA/Research/int_cusum_multi_stream/int_cusum_multi_stream.srcs/sim_1/new/testbench_anomaly_detector.vhd
Note: LQI(t) = 0000000000000000001000111011100100000000000000100000000000000000
Time: 210 ns  Iteration: 0  Process: /testbench_anomaly_detector/line__100  File: C:/IVA/Research/int_cusum_multi_stream/int_cusum_multi_stream.srcs/sim_1/new/testbench_anomaly_detector.vhd
Note: LQI(t) = 0000000000000000000101110000000100000000000000110000000000000000
Time: 250 ns  Iteration: 0  Process: /testbench_anomaly_detector/line__100  File: C:/IVA/Research/int_cusum_multi_stream/int_cusum_multi_stream.srcs/sim_1/new/testbench_anomaly_detector.vhd
Note: LQI(t) = 0000000000000000001010000000011000000000000001000000000000000000
Time: 290 ns  Iteration: 0  Process: /testbench_anomaly_detector/line__100  File: C:/IVA/Research/int_cusum_multi_stream/int_cusum_multi_stream.srcs/sim_1/new/testbench_anomaly_detector.vhd
Note: LQI(t) = 0000000000000000000101111101011100000000000001010000000000000000
Time: 330 ns  Iteration: 0  Process: /testbench_anomaly_detector/line__100  File: C:/IVA/Research/int_cusum_multi_stream/int_cusum_multi_stream.srcs/sim_1/new/testbench_anomaly_detector.vhd
Note: LQI(t) = 0000000000000000001000011011001000000000000001100000000000000000
Time: 370 ns  Iteration: 0  Process: /testbench_anomaly_detector/line__100  File: C:/IVA/Research/int_cusum_multi_stream/int_cusum_multi_stream.srcs/sim_1/new/testbench_anomaly_detector.vhd
Note: LQI(t) = 0000000000000000001001001101010000000000000000000000000000000000
Time: 410 ns  Iteration: 0  Process: /testbench_anomaly_detector/line__100  File: C:/IVA/Research/int_cusum_multi_stream/int_cusum_multi_stream.srcs/sim_1/new/testbench_anomaly_detector.vhd
Note: LQI(t) = 0000000000000000000111111100100000000000000000010000000000000000
Time: 450 ns  Iteration: 0  Process: /testbench_anomaly_detector/line__100  File: C:/IVA/Research/int_cusum_multi_stream/int_cusum_multi_stream.srcs/sim_1/new/testbench_anomaly_detector.vhd
Note: LQI(t) = 0000000000000000001010110100111100000000000000100000000000000000
Time: 490 ns  Iteration: 0  Process: /testbench_anomaly_detector/line__100  File: C:/IVA/Research/int_cusum_multi_stream/int_cusum_multi_stream.srcs/sim_1/new/testbench_anomaly_detector.vhd
Note: LQI(t) = 0000000000000000000111110111001000000000000000110000000000000000
Time: 530 ns  Iteration: 0  Process: /testbench_anomaly_detector/line__100  File: C:/IVA/Research/int_cusum_multi_stream/int_cusum_multi_stream.srcs/sim_1/new/testbench_anomaly_detector.vhd
Note: LQI(t) = 0000000000000000001010101001000100000000000001000000000000000000
Time: 570 ns  Iteration: 0  Process: /testbench_anomaly_detector/line__100  File: C:/IVA/Research/int_cusum_multi_stream/int_cusum_multi_stream.srcs/sim_1/new/testbench_anomaly_detector.vhd
Note: LQI(t) = 0000000000000000000101110010100100000000000001010000000000000000
Time: 610 ns  Iteration: 0  Process: /testbench_anomaly_detector/line__100  File: C:/IVA/Research/int_cusum_multi_stream/int_cusum_multi_stream.srcs/sim_1/new/testbench_anomaly_detector.vhd
Note: LQI(t) = 0000000000000000001001000111001000000000000001100000000000000000
Time: 650 ns  Iteration: 0  Process: /testbench_anomaly_detector/line__100  File: C:/IVA/Research/int_cusum_multi_stream/int_cusum_multi_stream.srcs/sim_1/new/testbench_anomaly_detector.vhd
Note: LQI(t) = 0000000000000000001000001110001100000000000000000000000000000000
Time: 690 ns  Iteration: 0  Process: /testbench_anomaly_detector/line__100  File: C:/IVA/Research/int_cusum_multi_stream/int_cusum_multi_stream.srcs/sim_1/new/testbench_anomaly_detector.vhd
Note: LQI(t) = 0000000000000000001000001010011000000000000000010000000000000000
Time: 730 ns  Iteration: 0  Process: /testbench_anomaly_detector/line__100  File: C:/IVA/Research/int_cusum_multi_stream/int_cusum_multi_stream.srcs/sim_1/new/testbench_anomaly_detector.vhd
Note: LQI(t) = 0000000000000000000101011110001100000000000000100000000000000000
Time: 770 ns  Iteration: 0  Process: /testbench_anomaly_detector/line__100  File: C:/IVA/Research/int_cusum_multi_stream/int_cusum_multi_stream.srcs/sim_1/new/testbench_anomaly_detector.vhd
Note: LQI(t) = 0000000000000000000111000010111000000000000000110000000000000000
Time: 810 ns  Iteration: 0  Process: /testbench_anomaly_detector/line__100  File: C:/IVA/Research/int_cusum_multi_stream/int_cusum_multi_stream.srcs/sim_1/new/testbench_anomaly_detector.vhd
Note: LQI(t) = 0000000000000000001001110010000100000000000001000000000000000000
Time: 850 ns  Iteration: 0  Process: /testbench_anomaly_detector/line__100  File: C:/IVA/Research/int_cusum_multi_stream/int_cusum_multi_stream.srcs/sim_1/new/testbench_anomaly_detector.vhd
Note: LQI(t) = 0000000000000000000110010001101100000000000001010000000000000000
Time: 890 ns  Iteration: 0  Process: /testbench_anomaly_detector/line__100  File: C:/IVA/Research/int_cusum_multi_stream/int_cusum_multi_stream.srcs/sim_1/new/testbench_anomaly_detector.vhd
Note: LQI(t) = 0000000000000000001010000111001000000000000001100000000000000000
Time: 930 ns  Iteration: 0  Process: /testbench_anomaly_detector/line__100  File: C:/IVA/Research/int_cusum_multi_stream/int_cusum_multi_stream.srcs/sim_1/new/testbench_anomaly_detector.vhd
Note: LQI(t) = 0000000000000000001000011110010100000000000000000000000000000000
Time: 970 ns  Iteration: 0  Process: /testbench_anomaly_detector/line__100  File: C:/IVA/Research/int_cusum_multi_stream/int_cusum_multi_stream.srcs/sim_1/new/testbench_anomaly_detector.vhd
Note: LQI(t) = 0000000000000000000101011111101000000000000000010000000000000000
Time: 1010 ns  Iteration: 0  Process: /testbench_anomaly_detector/line__100  File: C:/IVA/Research/int_cusum_multi_stream/int_cusum_multi_stream.srcs/sim_1/new/testbench_anomaly_detector.vhd
Note: LQI(t) = 0000000000000000001000101110011000000000000000000000000000000000
Time: 1050 ns  Iteration: 0  Process: /testbench_anomaly_detector/line__100  File: C:/IVA/Research/int_cusum_multi_stream/int_cusum_multi_stream.srcs/sim_1/new/testbench_anomaly_detector.vhd
Note: LQI(t) = 0000000000000000000110101101101100000000000000010000000000000000
Time: 1090 ns  Iteration: 0  Process: /testbench_anomaly_detector/line__100  File: C:/IVA/Research/int_cusum_multi_stream/int_cusum_multi_stream.srcs/sim_1/new/testbench_anomaly_detector.vhd
Note: LQI(t) = 0000000000000000001000011010001000000000000000000000000000000000
Time: 1130 ns  Iteration: 0  Process: /testbench_anomaly_detector/line__100  File: C:/IVA/Research/int_cusum_multi_stream/int_cusum_multi_stream.srcs/sim_1/new/testbench_anomaly_detector.vhd
Note: LQI(t) = 0000000000000000000110100000110100000000000000010000000000000000
Time: 1170 ns  Iteration: 0  Process: /testbench_anomaly_detector/line__100  File: C:/IVA/Research/int_cusum_multi_stream/int_cusum_multi_stream.srcs/sim_1/new/testbench_anomaly_detector.vhd
Note: abnormal 
Time: 1190 ns  Iteration: 0  Process: /testbench_anomaly_detector/line__152  File: C:/IVA/Research/int_cusum_multi_stream/int_cusum_multi_stream.srcs/sim_1/new/testbench_anomaly_detector.vhd
Note: LQI(t) = 0000000000000000000101111000010100000000000000000000000000000000
Time: 1210 ns  Iteration: 0  Process: /testbench_anomaly_detector/line__100  File: C:/IVA/Research/int_cusum_multi_stream/int_cusum_multi_stream.srcs/sim_1/new/testbench_anomaly_detector.vhd
Note: LQI(t) = 0000000000000000000101101110101100000000000000010000000000000000
Time: 1250 ns  Iteration: 0  Process: /testbench_anomaly_detector/line__100  File: C:/IVA/Research/int_cusum_multi_stream/int_cusum_multi_stream.srcs/sim_1/new/testbench_anomaly_detector.vhd
Note: LQI(t) = 0000000000000000001010011110011100000000000000000000000000000000
Time: 1290 ns  Iteration: 0  Process: /testbench_anomaly_detector/line__100  File: C:/IVA/Research/int_cusum_multi_stream/int_cusum_multi_stream.srcs/sim_1/new/testbench_anomaly_detector.vhd
Note: LQI(t) = 0000000000000000000110100010101000000000000000010000000000000000
Time: 1330 ns  Iteration: 0  Process: /testbench_anomaly_detector/line__100  File: C:/IVA/Research/int_cusum_multi_stream/int_cusum_multi_stream.srcs/sim_1/new/testbench_anomaly_detector.vhd
Note: LQI(t) = 0000000000000000001001011010100000000000000000000000000000000000
Time: 1370 ns  Iteration: 0  Process: /testbench_anomaly_detector/line__100  File: C:/IVA/Research/int_cusum_multi_stream/int_cusum_multi_stream.srcs/sim_1/new/testbench_anomaly_detector.vhd
Note: LQI(t) = 0000000000000000000111001010010100000000000000010000000000000000
Time: 1410 ns  Iteration: 0  Process: /testbench_anomaly_detector/line__100  File: C:/IVA/Research/int_cusum_multi_stream/int_cusum_multi_stream.srcs/sim_1/new/testbench_anomaly_detector.vhd
Note: abnormal 
Time: 1430 ns  Iteration: 0  Process: /testbench_anomaly_detector/line__152  File: C:/IVA/Research/int_cusum_multi_stream/int_cusum_multi_stream.srcs/sim_1/new/testbench_anomaly_detector.vhd
Note: LQI(t) = 0000000000000000001001010011001100000000000000000000000000000000
Time: 1450 ns  Iteration: 0  Process: /testbench_anomaly_detector/line__100  File: C:/IVA/Research/int_cusum_multi_stream/int_cusum_multi_stream.srcs/sim_1/new/testbench_anomaly_detector.vhd
Note: LQI(t) = 0000000000000000000110100111000100000000000000010000000000000000
Time: 1490 ns  Iteration: 0  Process: /testbench_anomaly_detector/line__100  File: C:/IVA/Research/int_cusum_multi_stream/int_cusum_multi_stream.srcs/sim_1/new/testbench_anomaly_detector.vhd
Note: LQI(t) = 0000000000000000001001111101010100000000000000000000000000000000
Time: 1530 ns  Iteration: 0  Process: /testbench_anomaly_detector/line__100  File: C:/IVA/Research/int_cusum_multi_stream/int_cusum_multi_stream.srcs/sim_1/new/testbench_anomaly_detector.vhd
